# JRE version: OpenJDK Runtime Environment Temurin-21.0.10+7 (21.0.10+7) (build 21.0.10+7-LTS)
# Java VM: OpenJDK 64-Bit Server VM Temurin-21.0.10+7 (21.0.10+7-LTS, mixed mode, sharing, tiered, compressed oops, compressed class ptrs, g1 gc, windows-amd64)
GC Precious Log:
 CardTable entry size: 512
 Card Set container configuration: InlinePtr #cards 5 size 8 Array Of Cards #cards 12 size 40 Howl #buckets 4 coarsen threshold 1843 Howl Bitmap #cards 512 size 80 coarsen threshold 460 Card regions per heap region 1 cards per card region 2048
 CPUs: 12 total, 12 available
 Memory: 16024M
 Large Page Support: Disabled
 NUMA Support: Disabled
 Compressed Oops: Enabled (32-bit)
 Heap Region Size: 1M
 Heap Min Capacity: 8M
 Heap Initial Capacity: 252M
 Heap Max Capacity: 2G
 Pre-touch: Disabled
 Parallel Workers: 10
 Concurrent Workers: 3
 Concurrent Refinement Workers: 10
 Periodic GC: Disabled
Heap:
 garbage-first heap   total 306176K, used 290756K [0x0000000080000000, 0x0000000100000000)
  region size 1024K, 72 young (73728K), 8 survivors (8192K)
 Metaspace       used 135691K, committed 138048K, reserved 1179648K
  class space    used 19328K, committed 20480K, reserved 1048576K
GC Heap History (20 events):
Event: 79.517 GC heap before
{Heap before GC invocations=66 (full 0):
 garbage-first heap   total 252928K, used 233707K [0x0000000080000000, 0x0000000100000000)
  region size 1024K, 85 young (87040K), 6 survivors (6144K)
 Metaspace       used 130587K, committed 132992K, reserved 1179648K
  class space    used 18761K, committed 19968K, reserved 1048576K
}
Event: 79.524 GC heap after
{Heap after GC invocations=67 (full 0):
 garbage-first heap   total 252928K, used 152103K [0x0000000080000000, 0x0000000100000000)
  region size 1024K, 5 young (5120K), 5 survivors (5120K)
 Metaspace       used 130587K, committed 132992K, reserved 1179648K
  class space    used 18761K, committed 19968K, reserved 1048576K
}
Event: 80.299 GC heap before
{Heap before GC invocations=68 (full 0):
 garbage-first heap   total 254976K, used 235047K [0x0000000080000000, 0x0000000100000000)
  region size 1024K, 86 young (88064K), 5 survivors (5120K)
 Metaspace       used 130599K, committed 133056K, reserved 1179648K
  class space    used 18741K, committed 19968K, reserved 1048576K
}
Event: 80.312 GC heap after
{Heap after GC invocations=69 (full 0):
 garbage-first heap   total 254976K, used 155210K [0x0000000080000000, 0x0000000100000000)
  region size 1024K, 8 young (8192K), 8 survivors (8192K)
 Metaspace       used 130599K, committed 133056K, reserved 1179648K
  class space    used 18741K, committed 19968K, reserved 1048576K
}
Event: 80.718 GC heap before
{Heap before GC invocations=69 (full 0):
 garbage-first heap   total 254976K, used 236106K [0x0000000080000000, 0x0000000100000000)
  region size 1024K, 88 young (90112K), 8 survivors (8192K)
 Metaspace       used 130802K, committed 133184K, reserved 1179648K
  class space    used 18760K, committed 19968K, reserved 1048576K
}
Event: 80.743 GC heap after
{Heap after GC invocations=70 (full 0):
 garbage-first heap   total 306176K, used 151240K [0x0000000080000000, 0x0000000100000000)
  region size 1024K, 4 young (4096K), 4 survivors (4096K)
 Metaspace       used 130802K, committed 133184K, reserved 1179648K
  class space    used 18760K, committed 19968K, reserved 1048576K
}
Event: 81.440 GC heap before
{Heap before GC invocations=70 (full 0):
 garbage-first heap   total 306176K, used 279240K [0x0000000080000000, 0x0000000100000000)
  region size 1024K, 130 young (133120K), 4 survivors (4096K)
 Metaspace       used 131218K, committed 133504K, reserved 1179648K
  class space    used 18831K, committed 19968K, reserved 1048576K
}
Event: 81.452 GC heap after
{Heap after GC invocations=71 (full 0):
 garbage-first heap   total 306176K, used 154086K [0x0000000080000000, 0x0000000100000000)
  region size 1024K, 7 young (7168K), 7 survivors (7168K)
 Metaspace       used 131218K, committed 133504K, reserved 1179648K
  class space    used 18831K, committed 19968K, reserved 1048576K
}
Event: 82.106 GC heap before
{Heap before GC invocations=71 (full 0):
 garbage-first heap   total 306176K, used 286182K [0x0000000080000000, 0x0000000100000000)
  region size 1024K, 137 young (140288K), 7 survivors (7168K)
 Metaspace       used 131307K, committed 133632K, reserved 1179648K
  class space    used 18831K, committed 19968K, reserved 1048576K
}
Event: 82.117 GC heap after
{Heap after GC invocations=72 (full 0):
 garbage-first heap   total 306176K, used 153446K [0x0000000080000000, 0x0000000100000000)
  region size 1024K, 6 young (6144K), 6 survivors (6144K)
 Metaspace       used 131307K, committed 133632K, reserved 1179648K
  class space    used 18831K, committed 19968K, reserved 1048576K
}
Event: 82.870 GC heap before
{Heap before GC invocations=72 (full 0):
 garbage-first heap   total 306176K, used 288614K [0x0000000080000000, 0x0000000100000000)
  region size 1024K, 139 young (142336K), 6 survivors (6144K)
 Metaspace       used 131446K, committed 133760K, reserved 1179648K
  class space    used 18837K, committed 19968K, reserved 1048576K
}
Event: 82.878 GC heap after
{Heap after GC invocations=73 (full 0):
 garbage-first heap   total 306176K, used 152795K [0x0000000080000000, 0x0000000100000000)
  region size 1024K, 6 young (6144K), 6 survivors (6144K)
 Metaspace       used 131446K, committed 133760K, reserved 1179648K
  class space    used 18837K, committed 19968K, reserved 1048576K
}
Event: 83.622 GC heap before
{Heap before GC invocations=74 (full 0):
 garbage-first heap   total 306176K, used 287963K [0x0000000080000000, 0x0000000100000000)
  region size 1024K, 139 young (142336K), 6 survivors (6144K)
 Metaspace       used 131548K, committed 133824K, reserved 1179648K
  class space    used 18836K, committed 19968K, reserved 1048576K
}
Event: 83.632 GC heap after
{Heap after GC invocations=75 (full 0):
 garbage-first heap   total 306176K, used 153693K [0x0000000080000000, 0x0000000100000000)
  region size 1024K, 7 young (7168K), 7 survivors (7168K)
 Metaspace       used 131548K, committed 133824K, reserved 1179648K
  class space    used 18836K, committed 19968K, reserved 1048576K
}
Event: 84.572 GC heap before
{Heap before GC invocations=75 (full 0):
 garbage-first heap   total 306176K, used 287837K [0x0000000080000000, 0x0000000100000000)
  region size 1024K, 139 young (142336K), 7 survivors (7168K)
 Metaspace       used 131676K, committed 133952K, reserved 1179648K
  class space    used 18836K, committed 19968K, reserved 1048576K
}
Event: 84.585 GC heap after
{Heap after GC invocations=76 (full 0):
 garbage-first heap   total 306176K, used 150206K [0x0000000080000000, 0x0000000100000000)
  region size 1024K, 7 young (7168K), 7 survivors (7168K)
 Metaspace       used 131676K, committed 133952K, reserved 1179648K
  class space    used 18836K, committed 19968K, reserved 1048576K
}
Event: 85.783 GC heap before
{Heap before GC invocations=76 (full 0):
 garbage-first heap   total 306176K, used 288446K [0x0000000080000000, 0x0000000100000000)
  region size 1024K, 143 young (146432K), 7 survivors (7168K)
 Metaspace       used 131783K, committed 134080K, reserved 1179648K
  class space    used 18838K, committed 19968K, reserved 1048576K
}
Event: 85.795 GC heap after
{Heap after GC invocations=77 (full 0):
 garbage-first heap   total 306176K, used 149560K [0x0000000080000000, 0x0000000100000000)
  region size 1024K, 7 young (7168K), 7 survivors (7168K)
 Metaspace       used 131783K, committed 134080K, reserved 1179648K
  class space    used 18838K, committed 19968K, reserved 1048576K
}
Event: 89.608 GC heap before
{Heap before GC invocations=78 (full 0):
 garbage-first heap   total 306176K, used 287800K [0x0000000080000000, 0x0000000100000000)
  region size 1024K, 143 young (146432K), 7 survivors (7168K)
 Metaspace       used 132608K, committed 134976K, reserved 1179648K
  class space    used 18947K, committed 20096K, reserved 1048576K
}
Event: 89.620 GC heap after
{Heap after GC invocations=79 (full 0):
 garbage-first heap   total 306176K, used 150468K [0x0000000080000000, 0x0000000100000000)
  region size 1024K, 8 young (8192K), 8 survivors (8192K)
 Metaspace       used 132608K, committed 134976K, reserved 1179648K
  class space    used 18947K, committed 20096K, reserved 1048576K
}

