# JRE version: OpenJDK Runtime Environment Temurin-21.0.10+7 (21.0.10+7) (build 21.0.10+7-LTS)
# Java VM: OpenJDK 64-Bit Server VM Temurin-21.0.10+7 (21.0.10+7-LTS, mixed mode, sharing, tiered, compressed oops, compressed class ptrs, g1 gc, windows-amd64)
GC Precious Log:
 CardTable entry size: 512
 Card Set container configuration: InlinePtr #cards 5 size 8 Array Of Cards #cards 12 size 40 Howl #buckets 4 coarsen threshold 1843 Howl Bitmap #cards 512 size 80 coarsen threshold 460 Card regions per heap region 1 cards per card region 2048
 CPUs: 12 total, 12 available
 Memory: 16024M
 Large Page Support: Disabled
 NUMA Support: Disabled
 Compressed Oops: Enabled (32-bit)
 Heap Region Size: 1M
 Heap Min Capacity: 8M
 Heap Initial Capacity: 252M
 Heap Max Capacity: 2G
 Pre-touch: Disabled
 Parallel Workers: 10
 Concurrent Workers: 3
 Concurrent Refinement Workers: 10
 Periodic GC: Disabled
Heap:
 garbage-first heap   total 186368K, used 136204K [0x0000000080000000, 0x0000000100000000)
  region size 1024K, 6 young (6144K), 5 survivors (5120K)
 Metaspace       used 104376K, committed 106688K, reserved 1179648K
  class space    used 14543K, committed 15680K, reserved 1048576K
GC Heap History (20 events):
Event: 49.262 GC heap before
{Heap before GC invocations=27 (full 0):
 garbage-first heap   total 145408K, used 133751K [0x0000000080000000, 0x0000000100000000)
  region size 1024K, 48 young (49152K), 3 survivors (3072K)
 Metaspace       used 86200K, committed 88384K, reserved 1179648K
  class space    used 12207K, committed 13312K, reserved 1048576K
}
Event: 49.273 GC heap after
{Heap after GC invocations=28 (full 0):
 garbage-first heap   total 145408K, used 88867K [0x0000000080000000, 0x0000000100000000)
  region size 1024K, 4 young (4096K), 4 survivors (4096K)
 Metaspace       used 86200K, committed 88384K, reserved 1179648K
  class space    used 12207K, committed 13312K, reserved 1048576K
}
Event: 52.038 GC heap before
{Heap before GC invocations=29 (full 0):
 garbage-first heap   total 150528K, used 134947K [0x0000000080000000, 0x0000000100000000)
  region size 1024K, 49 young (50176K), 4 survivors (4096K)
 Metaspace       used 89474K, committed 91648K, reserved 1179648K
  class space    used 12684K, committed 13760K, reserved 1048576K
}
Event: 52.052 GC heap after
{Heap after GC invocations=30 (full 0):
 garbage-first heap   total 150528K, used 91399K [0x0000000080000000, 0x0000000100000000)
  region size 1024K, 6 young (6144K), 6 survivors (6144K)
 Metaspace       used 89474K, committed 91648K, reserved 1179648K
  class space    used 12684K, committed 13760K, reserved 1048576K
}
Event: 54.719 GC heap before
{Heap before GC invocations=30 (full 0):
 garbage-first heap   total 150528K, used 139527K [0x0000000080000000, 0x0000000100000000)
  region size 1024K, 53 young (54272K), 6 survivors (6144K)
 Metaspace       used 93054K, committed 95232K, reserved 1179648K
  class space    used 13245K, committed 14336K, reserved 1048576K
}
Event: 54.736 GC heap after
{Heap after GC invocations=31 (full 0):
 garbage-first heap   total 150528K, used 92048K [0x0000000080000000, 0x0000000100000000)
  region size 1024K, 5 young (5120K), 5 survivors (5120K)
 Metaspace       used 93054K, committed 95232K, reserved 1179648K
  class space    used 13245K, committed 14336K, reserved 1048576K
}
Event: 57.439 GC heap before
{Heap before GC invocations=31 (full 0):
 garbage-first heap   total 150528K, used 140176K [0x0000000080000000, 0x0000000100000000)
  region size 1024K, 52 young (53248K), 5 survivors (5120K)
 Metaspace       used 96755K, committed 99008K, reserved 1179648K
  class space    used 13703K, committed 14848K, reserved 1048576K
}
Event: 57.455 GC heap after
{Heap after GC invocations=32 (full 0):
 garbage-first heap   total 150528K, used 95909K [0x0000000080000000, 0x0000000100000000)
  region size 1024K, 6 young (6144K), 6 survivors (6144K)
 Metaspace       used 96755K, committed 99008K, reserved 1179648K
  class space    used 13703K, committed 14848K, reserved 1048576K
}
Event: 64.367 GC heap before
{Heap before GC invocations=33 (full 0):
 garbage-first heap   total 160768K, used 145061K [0x0000000080000000, 0x0000000100000000)
  region size 1024K, 50 young (51200K), 6 survivors (6144K)
 Metaspace       used 100441K, committed 102720K, reserved 1179648K
  class space    used 14150K, committed 15296K, reserved 1048576K
}
Event: 64.386 GC heap after
{Heap after GC invocations=34 (full 0):
 garbage-first heap   total 160768K, used 101009K [0x0000000080000000, 0x0000000100000000)
  region size 1024K, 7 young (7168K), 7 survivors (7168K)
 Metaspace       used 100441K, committed 102720K, reserved 1179648K
  class space    used 14150K, committed 15296K, reserved 1048576K
}
Event: 66.865 GC heap before
{Heap before GC invocations=34 (full 0):
 garbage-first heap   total 160768K, used 148113K [0x0000000080000000, 0x0000000100000000)
  region size 1024K, 53 young (54272K), 7 survivors (7168K)
 Metaspace       used 101146K, committed 103424K, reserved 1179648K
  class space    used 14194K, committed 15360K, reserved 1048576K
}
Event: 66.884 GC heap after
{Heap after GC invocations=35 (full 0):
 garbage-first heap   total 164864K, used 108205K [0x0000000080000000, 0x0000000100000000)
  region size 1024K, 7 young (7168K), 7 survivors (7168K)
 Metaspace       used 101146K, committed 103424K, reserved 1179648K
  class space    used 14194K, committed 15360K, reserved 1048576K
}
Event: 67.977 GC heap before
{Heap before GC invocations=35 (full 0):
 garbage-first heap   total 164864K, used 150189K [0x0000000080000000, 0x0000000100000000)
  region size 1024K, 49 young (50176K), 7 survivors (7168K)
 Metaspace       used 101759K, committed 104064K, reserved 1179648K
  class space    used 14307K, committed 15488K, reserved 1048576K
}
Event: 67.994 GC heap after
{Heap after GC invocations=36 (full 0):
 garbage-first heap   total 164864K, used 110729K [0x0000000080000000, 0x0000000100000000)
  region size 1024K, 5 young (5120K), 5 survivors (5120K)
 Metaspace       used 101759K, committed 104064K, reserved 1179648K
  class space    used 14307K, committed 15488K, reserved 1048576K
}
Event: 71.384 GC heap before
{Heap before GC invocations=37 (full 0):
 garbage-first heap   total 186368K, used 149641K [0x0000000080000000, 0x0000000100000000)
  region size 1024K, 44 young (45056K), 5 survivors (5120K)
 Metaspace       used 103513K, committed 105792K, reserved 1179648K
  class space    used 14474K, committed 15552K, reserved 1048576K
}
Event: 71.398 GC heap after
{Heap after GC invocations=38 (full 0):
 garbage-first heap   total 186368K, used 114794K [0x0000000080000000, 0x0000000100000000)
  region size 1024K, 6 young (6144K), 6 survivors (6144K)
 Metaspace       used 103513K, committed 105792K, reserved 1179648K
  class space    used 14474K, committed 15552K, reserved 1048576K
}
Event: 76.955 GC heap before
{Heap before GC invocations=38 (full 0):
 garbage-first heap   total 186368K, used 168042K [0x0000000080000000, 0x0000000100000000)
  region size 1024K, 58 young (59392K), 6 survivors (6144K)
 Metaspace       used 104303K, committed 106624K, reserved 1179648K
  class space    used 14538K, committed 15680K, reserved 1048576K
}
Event: 76.979 GC heap after
{Heap after GC invocations=39 (full 0):
 garbage-first heap   total 186368K, used 123499K [0x0000000080000000, 0x0000000100000000)
  region size 1024K, 8 young (8192K), 8 survivors (8192K)
 Metaspace       used 104303K, committed 106624K, reserved 1179648K
  class space    used 14538K, committed 15680K, reserved 1048576K
}
Event: 79.071 GC heap before
{Heap before GC invocations=39 (full 0):
 garbage-first heap   total 186368K, used 139883K [0x0000000080000000, 0x0000000100000000)
  region size 1024K, 26 young (26624K), 8 survivors (8192K)
 Metaspace       used 104376K, committed 106688K, reserved 1179648K
  class space    used 14543K, committed 15680K, reserved 1048576K
}
Event: 79.087 GC heap after
{Heap after GC invocations=40 (full 0):
 garbage-first heap   total 186368K, used 129036K [0x0000000080000000, 0x0000000100000000)
  region size 1024K, 5 young (5120K), 5 survivors (5120K)
 Metaspace       used 104376K, committed 106688K, reserved 1179648K
  class space    used 14543K, committed 15680K, reserved 1048576K
}

